e:\hotwind\代码\vs\vscode\lianbiao\lianbiao1,chuxue\debug\vc140.pdb
e:\hotwind\代码\vs\vscode\lianbiao\lianbiao1,chuxue\debug\vc140.idb
e:\hotwind\代码\vs\vscode\lianbiao\lianbiao1,chuxue\debug\kuaisupaixu.obj
e:\hotwind\代码\vs\vscode\lianbiao\lianbiao1,chuxue\debug\link.obj
e:\hotwind\代码\vs\vscode\lianbiao\lianbiao1,chuxue\debug\linklist.obj
e:\hotwind\代码\vs\vscode\lianbiao\lianbiao1,chuxue\debug\源.obj
e:\hotwind\代码\vs\vscode\c project\lianbiao\lianbiao1,chuxue\debug\vc140.pdb
e:\hotwind\代码\vs\vscode\c project\lianbiao\lianbiao1,chuxue\debug\vc140.idb
e:\hotwind\代码\vs\vscode\c project\lianbiao\lianbiao1,chuxue\debug\kuaisupaixu.obj
e:\hotwind\代码\vs\vscode\c project\lianbiao\lianbiao1,chuxue\debug\link.obj
e:\hotwind\代码\vs\vscode\c project\lianbiao\lianbiao1,chuxue\debug\linklist.obj
e:\hotwind\代码\vs\vscode\c project\lianbiao\lianbiao1,chuxue\debug\源.obj
e:\hotwind\代码\vs\vscode\lianbiao\debug\lianbiao1,chuxue.lib
e:\hotwind\代码\vs\vscode\lianbiao\debug\lianbiao1,chuxue.exp
e:\hotwind\代码\vs\vscode\20170326acm\debug\lianbiao1,chuxue.lib
e:\hotwind\代码\vs\vscode\20170326acm\debug\lianbiao1,chuxue.exp
e:\hotwind\代码\vs\vscode\lianbiao\debug\lianbiao1,chuxue.ilk
e:\hotwind\代码\vs\vscode\lianbiao\debug\lianbiao1,chuxue.exe
e:\hotwind\代码\vs\vscode\lianbiao\debug\lianbiao1,chuxue.pdb
e:\hotwind\代码\vs\vscode\20170326acm\debug\lianbiao1,chuxue.ilk
e:\hotwind\代码\vs\vscode\20170326acm\debug\lianbiao1,chuxue.exe
e:\hotwind\代码\vs\vscode\20170326acm\debug\lianbiao1,chuxue.pdb
e:\hotwind\代码\vs\vscode\c project\lianbiao\debug\lianbiao1,chuxue.pdb
e:\hotwind\代码\vs\vscode\c project\lianbiao\lianbiao1,chuxue\debug\lianbiao1,chuxue.tlog\cl.command.1.tlog
e:\hotwind\代码\vs\vscode\c project\lianbiao\lianbiao1,chuxue\debug\lianbiao1,chuxue.tlog\cl.read.1.tlog
e:\hotwind\代码\vs\vscode\c project\lianbiao\lianbiao1,chuxue\debug\lianbiao1,chuxue.tlog\cl.write.1.tlog
e:\hotwind\代码\vs\vscode\c project\lianbiao\lianbiao1,chuxue\debug\lianbiao1,chuxue.tlog\lianbiao1,chuxue.write.1u.tlog
e:\hotwind\代码\vs\vscode\c project\lianbiao\lianbiao1,chuxue\debug\lianbiao1,chuxue.tlog\link-cvtres.read.1.tlog
e:\hotwind\代码\vs\vscode\c project\lianbiao\lianbiao1,chuxue\debug\lianbiao1,chuxue.tlog\link-cvtres.write.1.tlog
e:\hotwind\代码\vs\vscode\c project\lianbiao\lianbiao1,chuxue\debug\lianbiao1,chuxue.tlog\link-rc.read.1.tlog
e:\hotwind\代码\vs\vscode\c project\lianbiao\lianbiao1,chuxue\debug\lianbiao1,chuxue.tlog\link-rc.write.1.tlog
e:\hotwind\代码\vs\vscode\c project\lianbiao\lianbiao1,chuxue\debug\lianbiao1,chuxue.tlog\link.command.1.tlog
e:\hotwind\代码\vs\vscode\c project\lianbiao\lianbiao1,chuxue\debug\lianbiao1,chuxue.tlog\link.read.1.tlog
e:\hotwind\代码\vs\vscode\c project\lianbiao\lianbiao1,chuxue\debug\lianbiao1,chuxue.tlog\link.write.1.tlog
