  源.c
e:\hotwind\代码\vs\vscode\c project\lianbiao\lianbiao1,chuxue\源.c(9): warning C4013: “link”未定义；假设外部返回 int
  linklist.c
  link.c
e:\hotwind\代码\vs\vscode\c project\lianbiao\lianbiao1,chuxue\link.c(9): warning C4013: “addback”未定义；假设外部返回 int
e:\hotwind\代码\vs\vscode\c project\lianbiao\lianbiao1,chuxue\link.c(9): warning C4047: “=”:“node *”与“int”的间接级别不同
e:\hotwind\代码\vs\vscode\c project\lianbiao\lianbiao1,chuxue\link.c(10): warning C4047: “=”:“node *”与“int”的间接级别不同
e:\hotwind\代码\vs\vscode\c project\lianbiao\lianbiao1,chuxue\link.c(11): warning C4047: “=”:“node *”与“int”的间接级别不同
e:\hotwind\代码\vs\vscode\c project\lianbiao\lianbiao1,chuxue\link.c(12): warning C4047: “=”:“node *”与“int”的间接级别不同
e:\hotwind\代码\vs\vscode\c project\lianbiao\lianbiao1,chuxue\link.c(13): warning C4047: “=”:“node *”与“int”的间接级别不同
e:\hotwind\代码\vs\vscode\c project\lianbiao\lianbiao1,chuxue\link.c(14): warning C4047: “=”:“node *”与“int”的间接级别不同
e:\hotwind\代码\vs\vscode\c project\lianbiao\lianbiao1,chuxue\link.c(15): warning C4047: “=”:“node *”与“int”的间接级别不同
e:\hotwind\代码\vs\vscode\c project\lianbiao\lianbiao1,chuxue\link.c(16): warning C4047: “=”:“node *”与“int”的间接级别不同
e:\hotwind\代码\vs\vscode\c project\lianbiao\lianbiao1,chuxue\link.c(17): warning C4047: “=”:“node *”与“int”的间接级别不同
  kuaisupaixu.c
e:\hotwind\代码\vs\vscode\c project\lianbiao\lianbiao1,chuxue\kuaisupaixu.c(14): warning C4028: 形参 2 与声明不同
e:\hotwind\代码\vs\vscode\c project\lianbiao\lianbiao1,chuxue\kuaisupaixu.c(14): warning C4028: 形参 3 与声明不同
e:\hotwind\代码\vs\vscode\c project\lianbiao\lianbiao1,chuxue\kuaisupaixu.c(14): warning C4029: 声明的形参表不同于定义
e:\hotwind\代码\vs\vscode\c project\lianbiao\lianbiao1,chuxue\kuaisupaixu.c(14): warning C4273: “qsort”: dll 链接不一致
  c:\program files (x86)\windows kits\10\include\10.0.10150.0\ucrt\corecrt_search.h(53): note: 参见“qsort”的前一个定义
  正在生成代码...
    正在创建库 E:\Hotwind\代码\vs\Vscode\C project\LIANBIAO\Debug\lianbiao1,chuxue.lib 和对象 E:\Hotwind\代码\vs\Vscode\C project\LIANBIAO\Debug\lianbiao1,chuxue.exp
  lianbiao1,chuxue.vcxproj -> E:\Hotwind\代码\vs\Vscode\C project\LIANBIAO\Debug\lianbiao1,chuxue.exe
