e:\hotwind\代码\vs\vscode\consoleapplication1\consoleapplication1\debug\vc140.pdb
e:\hotwind\代码\vs\vscode\consoleapplication1\consoleapplication1\debug\vc140.idb
e:\hotwind\代码\vs\vscode\consoleapplication1\consoleapplication1\debug\ceshi.obj
e:\hotwind\代码\vs\vscode\consoleapplication1\consoleapplication1\debug\diguixuexi.obj
e:\hotwind\代码\vs\vscode\consoleapplication1\consoleapplication1\debug\haniba.obj
e:\hotwind\代码\vs\vscode\consoleapplication1\consoleapplication1\debug\minglinghangcanshu.obj
e:\hotwind\代码\vs\vscode\consoleapplication1\consoleapplication1\debug\run.obj
e:\hotwind\代码\vs\vscode\consoleapplication1\consoleapplication1\debug\jiegou zhizhenxing hanshu.obj
e:\hotwind\代码\vs\vscode\consoleapplication1\consoleapplication1\debug\shijienihao.obj
e:\hotwind\代码\vs\vscode\consoleapplication1\consoleapplication1\debug\zhizhenshuzu.obj
e:\hotwind\代码\vs\vscode\consoleapplication1\consoleapplication1\debug\源.obj
e:\hotwind\代码\vs\vscode\consoleapplication1\debug\consoleapplication1.pdb
e:\hotwind\代码\vs\vscode\consoleapplication1\consoleapplication1\debug\consolea.fa9b4603.tlog\cl.command.1.tlog
e:\hotwind\代码\vs\vscode\consoleapplication1\consoleapplication1\debug\consolea.fa9b4603.tlog\cl.read.1.tlog
e:\hotwind\代码\vs\vscode\consoleapplication1\consoleapplication1\debug\consolea.fa9b4603.tlog\cl.write.1.tlog
e:\hotwind\代码\vs\vscode\consoleapplication1\consoleapplication1\debug\consolea.fa9b4603.tlog\link-cvtres.read.1.tlog
e:\hotwind\代码\vs\vscode\consoleapplication1\consoleapplication1\debug\consolea.fa9b4603.tlog\link-cvtres.write.1.tlog
e:\hotwind\代码\vs\vscode\consoleapplication1\consoleapplication1\debug\consolea.fa9b4603.tlog\link-rc.read.1.tlog
e:\hotwind\代码\vs\vscode\consoleapplication1\consoleapplication1\debug\consolea.fa9b4603.tlog\link-rc.write.1.tlog
e:\hotwind\代码\vs\vscode\consoleapplication1\consoleapplication1\debug\consolea.fa9b4603.tlog\link.command.1.tlog
e:\hotwind\代码\vs\vscode\consoleapplication1\consoleapplication1\debug\consolea.fa9b4603.tlog\link.read.1.tlog
e:\hotwind\代码\vs\vscode\consoleapplication1\consoleapplication1\debug\consolea.fa9b4603.tlog\link.write.1.tlog
